This is pdfTeX, Version 3.141592653-2.6-1.40.24 (MiKTeX 22.3) (preloaded format=pdflatex 2022.5.11)  25 MAY 2022 00:38
entering extended mode
 restricted \write18 enabled.
 %&-line parsing enabled.
**./main.tex
(main.tex
LaTeX2e <2021-11-15> patch level 1
L3 programming layer <2022-04-29> (IEEEtran.cls
Document Class: IEEEtran 2015/08/26 V1.8b by Michael Shell
-- See the "IEEEtran_HOWTO" manual for usage information.
-- http://www.michaelshell.org/tex/ieeetran/
\@IEEEtrantmpdimenA=\dimen138
\@IEEEtrantmpdimenB=\dimen139
\@IEEEtrantmpdimenC=\dimen140
\@IEEEtrantmpcountA=\count185
\@IEEEtrantmpcountB=\count186
\@IEEEtrantmpcountC=\count187
\@IEEEtrantmptoksA=\toks16
LaTeX Font Info:    Trying to load font information for OT1+ptm on input line 5
03.
(C:\Program Files\MiKTeX\tex/latex/psnfss\ot1ptm.fd
File: ot1ptm.fd 2001/06/04 font definitions for OT1/ptm.
)
-- Using 8.5in x 11in (letter) paper.
-- Using PDF output.
\@IEEEnormalsizeunitybaselineskip=\dimen141
-- This is a 10 point document.
\CLASSINFOnormalsizebaselineskip=\dimen142
\CLASSINFOnormalsizeunitybaselineskip=\dimen143
\IEEEnormaljot=\dimen144
LaTeX Font Info:    Font shape `OT1/ptm/bx/n' in size <5> not available
(Font)              Font shape `OT1/ptm/b/n' tried instead on input line 1090.
LaTeX Font Info:    Font shape `OT1/ptm/bx/it' in size <5> not available
(Font)              Font shape `OT1/ptm/b/it' tried instead on input line 1090.

LaTeX Font Info:    Font shape `OT1/ptm/bx/n' in size <7> not available
(Font)              Font shape `OT1/ptm/b/n' tried instead on input line 1090.
LaTeX Font Info:    Font shape `OT1/ptm/bx/it' in size <7> not available
(Font)              Font shape `OT1/ptm/b/it' tried instead on input line 1090.

LaTeX Font Info:    Font shape `OT1/ptm/bx/n' in size <8> not available
(Font)              Font shape `OT1/ptm/b/n' tried instead on input line 1090.
LaTeX Font Info:    Font shape `OT1/ptm/bx/it' in size <8> not available
(Font)              Font shape `OT1/ptm/b/it' tried instead on input line 1090.

LaTeX Font Info:    Font shape `OT1/ptm/bx/n' in size <9> not available
(Font)              Font shape `OT1/ptm/b/n' tried instead on input line 1090.
LaTeX Font Info:    Font shape `OT1/ptm/bx/it' in size <9> not available
(Font)              Font shape `OT1/ptm/b/it' tried instead on input line 1090.

LaTeX Font Info:    Font shape `OT1/ptm/bx/n' in size <10> not available
(Font)              Font shape `OT1/ptm/b/n' tried instead on input line 1090.
LaTeX Font Info:    Font shape `OT1/ptm/bx/it' in size <10> not available
(Font)              Font shape `OT1/ptm/b/it' tried instead on input line 1090.

LaTeX Font Info:    Font shape `OT1/ptm/bx/n' in size <11> not available
(Font)              Font shape `OT1/ptm/b/n' tried instead on input line 1090.
LaTeX Font Info:    Font shape `OT1/ptm/bx/it' in size <11> not available
(Font)              Font shape `OT1/ptm/b/it' tried instead on input line 1090.

LaTeX Font Info:    Font shape `OT1/ptm/bx/n' in size <12> not available
(Font)              Font shape `OT1/ptm/b/n' tried instead on input line 1090.
LaTeX Font Info:    Font shape `OT1/ptm/bx/it' in size <12> not available
(Font)              Font shape `OT1/ptm/b/it' tried instead on input line 1090.

LaTeX Font Info:    Font shape `OT1/ptm/bx/n' in size <17> not available
(Font)              Font shape `OT1/ptm/b/n' tried instead on input line 1090.
LaTeX Font Info:    Font shape `OT1/ptm/bx/it' in size <17> not available
(Font)              Font shape `OT1/ptm/b/it' tried instead on input line 1090.

LaTeX Font Info:    Font shape `OT1/ptm/bx/n' in size <20> not available
(Font)              Font shape `OT1/ptm/b/n' tried instead on input line 1090.
LaTeX Font Info:    Font shape `OT1/ptm/bx/it' in size <20> not available
(Font)              Font shape `OT1/ptm/b/it' tried instead on input line 1090.

LaTeX Font Info:    Font shape `OT1/ptm/bx/n' in size <24> not available
(Font)              Font shape `OT1/ptm/b/n' tried instead on input line 1090.
LaTeX Font Info:    Font shape `OT1/ptm/bx/it' in size <24> not available
(Font)              Font shape `OT1/ptm/b/it' tried instead on input line 1090.

\IEEEquantizedlength=\dimen145
\IEEEquantizedlengthdiff=\dimen146
\IEEEquantizedtextheightdiff=\dimen147
\IEEEilabelindentA=\dimen148
\IEEEilabelindentB=\dimen149
\IEEEilabelindent=\dimen150
\IEEEelabelindent=\dimen151
\IEEEdlabelindent=\dimen152
\IEEElabelindent=\dimen153
\IEEEiednormlabelsep=\dimen154
\IEEEiedmathlabelsep=\dimen155
\IEEEiedtopsep=\skip47
\c@section=\count188
\c@subsection=\count189
\c@subsubsection=\count190
\c@paragraph=\count191
\c@IEEEsubequation=\count192
\abovecaptionskip=\skip48
\belowcaptionskip=\skip49
\c@figure=\count193
\c@table=\count194
\@IEEEeqnnumcols=\count195
\@IEEEeqncolcnt=\count196
\@IEEEsubeqnnumrollback=\count197
\@IEEEquantizeheightA=\dimen156
\@IEEEquantizeheightB=\dimen157
\@IEEEquantizeheightC=\dimen158
\@IEEEquantizeprevdepth=\dimen159
\@IEEEquantizemultiple=\count198
\@IEEEquantizeboxA=\box50
\@IEEEtmpitemindent=\dimen160
\IEEEPARstartletwidth=\dimen161
\c@IEEEbiography=\count199
\@IEEEtranrubishbin=\box51
) (com/header.tex (C:\Program Files\MiKTeX\tex/latex/comment\comment.sty
\CommentStream=\write3

Excluding comment 'comment')
(C:\Program Files\MiKTeX\tex/latex/amscls\amsthm.sty
Package: amsthm 2020/05/29 v2.20.6
\thm@style=\toks17
\thm@bodyfont=\toks18
\thm@headfont=\toks19
\thm@notefont=\toks20
\thm@headpunct=\toks21
\thm@preskip=\skip50
\thm@postskip=\skip51
\thm@headsep=\skip52
\dth@everypar=\toks22
)
(C:\Program Files\MiKTeX\tex/latex/amsfonts\amssymb.sty
Package: amssymb 2013/01/14 v3.01 AMS font symbols

(C:\Program Files\MiKTeX\tex/latex/amsfonts\amsfonts.sty
Package: amsfonts 2013/01/14 v3.01 Basic AMSFonts support
\@emptytoks=\toks23
\symAMSa=\mathgroup4
\symAMSb=\mathgroup5
LaTeX Font Info:    Redeclaring math symbol \hbar on input line 98.
LaTeX Font Info:    Overwriting math alphabet `\mathfrak' in version `bold'
(Font)                  U/euf/m/n --> U/euf/b/n on input line 106.
))
(C:\Program Files\MiKTeX\tex/latex/amsmath\amsmath.sty
Package: amsmath 2021/10/15 v2.17l AMS math features
\@mathmargin=\skip53

For additional information on amsmath, use the `?' option.
(C:\Program Files\MiKTeX\tex/latex/amsmath\amstext.sty
Package: amstext 2021/08/26 v2.01 AMS text

(C:\Program Files\MiKTeX\tex/latex/amsmath\amsgen.sty
File: amsgen.sty 1999/11/30 v2.0 generic functions
\@emptytoks=\toks24
\ex@=\dimen162
))
(C:\Program Files\MiKTeX\tex/latex/amsmath\amsbsy.sty
Package: amsbsy 1999/11/29 v1.2d Bold Symbols
\pmbraise@=\dimen163
)
(C:\Program Files\MiKTeX\tex/latex/amsmath\amsopn.sty
Package: amsopn 2021/08/26 v2.02 operator names
)
\inf@bad=\count266
LaTeX Info: Redefining \frac on input line 234.
\uproot@=\count267
\leftroot@=\count268
LaTeX Info: Redefining \overline on input line 399.
\classnum@=\count269
\DOTSCASE@=\count270
LaTeX Info: Redefining \ldots on input line 496.
LaTeX Info: Redefining \dots on input line 499.
LaTeX Info: Redefining \cdots on input line 620.
\Mathstrutbox@=\box52
\strutbox@=\box53
\big@size=\dimen164
LaTeX Font Info:    Redeclaring font encoding OML on input line 743.
LaTeX Font Info:    Redeclaring font encoding OMS on input line 744.
\macc@depth=\count271
\c@MaxMatrixCols=\count272
\dotsspace@=\muskip16
\c@parentequation=\count273
\dspbrk@lvl=\count274
\tag@help=\toks25
\row@=\count275
\column@=\count276
\maxfields@=\count277
\andhelp@=\toks26
\eqnshift@=\dimen165
\alignsep@=\dimen166
\tagshift@=\dimen167
\tagwidth@=\dimen168
\totwidth@=\dimen169
\lineht@=\dimen170
\@envbody=\toks27
\multlinegap=\skip54
\multlinetaggap=\skip55
\mathdisplay@stack=\toks28
LaTeX Info: Redefining \[ on input line 2938.
LaTeX Info: Redefining \] on input line 2939.
)
(C:\Program Files\MiKTeX\tex/latex/graphics\graphicx.sty
Package: graphicx 2021/09/16 v1.2d Enhanced LaTeX Graphics (DPC,SPQR)

(C:\Program Files\MiKTeX\tex/latex/graphics\keyval.sty
Package: keyval 2014/10/28 v1.15 key=value parser (DPC)
\KV@toks@=\toks29
)
(C:\Program Files\MiKTeX\tex/latex/graphics\graphics.sty
Package: graphics 2021/03/04 v1.4d Standard LaTeX Graphics (DPC,SPQR)

(C:\Program Files\MiKTeX\tex/latex/graphics\trig.sty
Package: trig 2021/08/11 v1.11 sin cos tan (DPC)
)
(C:\Program Files\MiKTeX\tex/latex/graphics-cfg\graphics.cfg
File: graphics.cfg 2016/06/04 v1.11 sample graphics configuration
)
Package graphics Info: Driver file: pdftex.def on input line 107.

(C:\Program Files\MiKTeX\tex/latex/graphics-def\pdftex.def
File: pdftex.def 2020/10/05 v1.2a Graphics/color driver for pdftex
))
\Gin@req@height=\dimen171
\Gin@req@width=\dimen172
)
(C:\Program Files\MiKTeX\tex/latex/caption\caption.sty
Package: caption 2022/03/01 v3.6b Customizing captions (AR)

(C:\Program Files\MiKTeX\tex/latex/caption\caption3.sty
Package: caption3 2022/03/17 v2.3b caption3 kernel (AR)
\caption@tempdima=\dimen173
\captionmargin=\dimen174
\caption@leftmargin=\dimen175
\caption@rightmargin=\dimen176
\caption@width=\dimen177
\caption@indent=\dimen178
\caption@parindent=\dimen179
\caption@hangindent=\dimen180
Package caption Info: Unknown document class (or package),
(caption)             standard defaults will be used.
Package caption Info: \@makecaption = \long macro:#1#2->\ifx \@captype \@IEEEta
blestring \footnotesize \bgroup \par \centering \@IEEEtabletopskipstrut {\norma
lfont \footnotesize #1}\\{\normalfont \footnotesize \scshape #2}\par \addvspace
 {0.5\baselineskip }\egroup \@IEEEtablecaptionsepspace \else \@IEEEfigurecaptio
nsepspace \setbox \@tempboxa \hbox {\normalfont \footnotesize {#1.}\nobreakspac
e \nobreakspace #2}\ifdim \wd \@tempboxa >\hsize \setbox \@tempboxa \hbox {\nor
malfont \footnotesize {#1.}\nobreakspace \nobreakspace }\parbox [t]{\hsize }{\n
ormalfont \footnotesize \noindent \unhbox \@tempboxa #2}\else \ifCLASSOPTIONcon
ference \hbox to\hsize {\normalfont \footnotesize \hfil \box \@tempboxa \hfil }
\else \hbox to\hsize {\normalfont \footnotesize \box \@tempboxa \hfil }\fi \fi 
\fi  on input line 1176.
)

Package caption Warning: Unknown document class (or package),
(caption)                standard defaults will be used.
See the caption package documentation for explanation.

\c@caption@flags=\count278
\c@continuedfloat=\count279
) (C:\Program Files\MiKTeX\tex/latex/caption\subcaption.sty
Package: subcaption 2022/01/07 v1.5 Sub-captions (AR)
\c@subfigure=\count280
\c@subtable=\count281
)
(C:\Program Files\MiKTeX\tex/latex/xcolor\xcolor.sty
Package: xcolor 2021/10/31 v2.13 LaTeX color extensions (UK)

(C:\Program Files\MiKTeX\tex/latex/graphics-cfg\color.cfg
File: color.cfg 2016/01/02 v1.6 sample color configuration
)
Package xcolor Info: Driver file: pdftex.def on input line 227.
Package xcolor Info: Model `cmy' substituted by `cmy0' on input line 1352.
Package xcolor Info: Model `hsb' substituted by `rgb' on input line 1356.
Package xcolor Info: Model `RGB' extended on input line 1368.
Package xcolor Info: Model `HTML' substituted by `rgb' on input line 1370.
Package xcolor Info: Model `Hsb' substituted by `hsb' on input line 1371.
Package xcolor Info: Model `tHsb' substituted by `hsb' on input line 1372.
Package xcolor Info: Model `HSB' substituted by `hsb' on input line 1373.
Package xcolor Info: Model `Gray' substituted by `gray' on input line 1374.
Package xcolor Info: Model `wave' substituted by `hsb' on input line 1375.

(C:\Program Files\MiKTeX\tex/latex/graphics\dvipsnam.def
File: dvipsnam.def 2016/06/17 v3.0m Driver-dependent file (DPC,SPQR)
))
(C:\Program Files\MiKTeX\tex/latex/cite\cite.sty
LaTeX Info: Redefining \cite on input line 302.
LaTeX Info: Redefining \nocite on input line 332.
Package: cite 2015/02/27  v 5.5
)
(C:\Program Files\MiKTeX\tex/latex/hyperref\hyperref.sty
Package: hyperref 2022-02-21 v7.00n Hypertext links for LaTeX

(C:\Program Files\MiKTeX\tex/generic/ltxcmds\ltxcmds.sty
Package: ltxcmds 2020-05-10 v1.25 LaTeX kernel commands for general use (HO)
)
(C:\Program Files\MiKTeX\tex/generic/iftex\iftex.sty
Package: iftex 2022/02/03 v1.0f TeX engine tests
)
(C:\Program Files\MiKTeX\tex/generic/pdftexcmds\pdftexcmds.sty
Package: pdftexcmds 2020-06-27 v0.33 Utility functions of pdfTeX for LuaTeX (HO
)

(C:\Program Files\MiKTeX\tex/generic/infwarerr\infwarerr.sty
Package: infwarerr 2019/12/03 v1.5 Providing info/warning/error messages (HO)
)
Package pdftexcmds Info: \pdf@primitive is available.
Package pdftexcmds Info: \pdf@ifprimitive is available.
Package pdftexcmds Info: \pdfdraftmode found.
)
(C:\Program Files\MiKTeX\tex/generic/kvsetkeys\kvsetkeys.sty
Package: kvsetkeys 2019/12/15 v1.18 Key value parser (HO)
)
(C:\Program Files\MiKTeX\tex/generic/kvdefinekeys\kvdefinekeys.sty
Package: kvdefinekeys 2019-12-19 v1.6 Define keys (HO)
)
(C:\Program Files\MiKTeX\tex/generic/pdfescape\pdfescape.sty
Package: pdfescape 2019/12/09 v1.15 Implements pdfTeX's escape features (HO)
)
(C:\Program Files\MiKTeX\tex/latex/hycolor\hycolor.sty
Package: hycolor 2020-01-27 v1.10 Color options for hyperref/bookmark (HO)
)
(C:\Program Files\MiKTeX\tex/latex/letltxmacro\letltxmacro.sty
Package: letltxmacro 2019/12/03 v1.6 Let assignment for LaTeX macros (HO)
)
(C:\Program Files\MiKTeX\tex/latex/auxhook\auxhook.sty
Package: auxhook 2019-12-17 v1.6 Hooks for auxiliary files (HO)
)
(C:\Program Files\MiKTeX\tex/latex/kvoptions\kvoptions.sty
Package: kvoptions 2020-10-07 v3.14 Key value format for package options (HO)
)
\@linkdim=\dimen181
\Hy@linkcounter=\count282
\Hy@pagecounter=\count283

(C:\Program Files\MiKTeX\tex/latex/hyperref\pd1enc.def
File: pd1enc.def 2022-02-21 v7.00n Hyperref: PDFDocEncoding definition (HO)
Now handling font encoding PD1 ...
... no UTF-8 mapping file for font encoding PD1
)
(C:\Program Files\MiKTeX\tex/generic/intcalc\intcalc.sty
Package: intcalc 2019/12/15 v1.3 Expandable calculations with integers (HO)
)
(C:\Program Files\MiKTeX\tex/generic/etexcmds\etexcmds.sty
Package: etexcmds 2019/12/15 v1.7 Avoid name clashes with e-TeX commands (HO)
)
\Hy@SavedSpaceFactor=\count284

(C:\Program Files\MiKTeX\tex/latex/hyperref\puenc.def
File: puenc.def 2022-02-21 v7.00n Hyperref: PDF Unicode definition (HO)
Now handling font encoding PU ...
... no UTF-8 mapping file for font encoding PU
)
Package hyperref Info: Hyper figures OFF on input line 4137.
Package hyperref Info: Link nesting OFF on input line 4142.
Package hyperref Info: Hyper index ON on input line 4145.
Package hyperref Info: Plain pages OFF on input line 4152.
Package hyperref Info: Backreferencing OFF on input line 4157.
Package hyperref Info: Implicit mode ON; LaTeX internals redefined.
Package hyperref Info: Bookmarks ON on input line 4390.
\c@Hy@tempcnt=\count285

(C:\Program Files\MiKTeX\tex/latex/url\url.sty
\Urlmuskip=\muskip17
Package: url 2013/09/16  ver 3.4  Verb mode for urls, etc.
)
LaTeX Info: Redefining \url on input line 4749.
\XeTeXLinkMargin=\dimen182

(C:\Program Files\MiKTeX\tex/generic/bitset\bitset.sty
Package: bitset 2019/12/09 v1.3 Handle bit-vector datatype (HO)

(C:\Program Files\MiKTeX\tex/generic/bigintcalc\bigintcalc.sty
Package: bigintcalc 2019/12/15 v1.5 Expandable calculations on big integers (HO
)
))
\Fld@menulength=\count286
\Field@Width=\dimen183
\Fld@charsize=\dimen184
Package hyperref Info: Hyper figures OFF on input line 6027.
Package hyperref Info: Link nesting OFF on input line 6032.
Package hyperref Info: Hyper index ON on input line 6035.
Package hyperref Info: backreferencing OFF on input line 6042.
Package hyperref Info: Link coloring OFF on input line 6047.
Package hyperref Info: Link coloring with OCG OFF on input line 6052.
Package hyperref Info: PDF/A mode OFF on input line 6057.
LaTeX Info: Redefining \ref on input line 6097.
LaTeX Info: Redefining \pageref on input line 6101.

(C:\Program Files\MiKTeX\tex/latex/base\atbegshi-ltx.sty
Package: atbegshi-ltx 2021/01/10 v1.0c Emulation of the original atbegshi
package with kernel methods
)
\Hy@abspage=\count287
\c@Item=\count288
\c@Hfootnote=\count289
)
Package hyperref Info: Driver (autodetected): hpdftex.

(C:\Program Files\MiKTeX\tex/latex/hyperref\hpdftex.def
File: hpdftex.def 2022-02-21 v7.00n Hyperref driver for pdfTeX

(C:\Program Files\MiKTeX\tex/latex/base\atveryend-ltx.sty
Package: atveryend-ltx 2020/08/19 v1.0a Emulation of the original atveryend pac
kage
with kernel methods
)
\Fld@listcount=\count290
\c@bookmark@seq@number=\count291

(C:\Program Files\MiKTeX\tex/latex/rerunfilecheck\rerunfilecheck.sty
Package: rerunfilecheck 2019/12/05 v1.9 Rerun checks for auxiliary files (HO)

(C:\Program Files\MiKTeX\tex/generic/uniquecounter\uniquecounter.sty
Package: uniquecounter 2019/12/15 v1.4 Provide unlimited unique counter (HO)
)
Package uniquecounter Info: New unique counter `rerunfilecheck' on input line 2
86.
)
\Hy@SectionHShift=\skip56
)
(C:\Program Files\MiKTeX\tex/latex/algorithms\algorithm.sty
Package: algorithm 2009/08/24 v0.1 Document Style `algorithm' - floating enviro
nment

(C:\Program Files\MiKTeX\tex/latex/float\float.sty
Package: float 2001/11/08 v1.3d Float enhancements (AL)
\c@float@type=\count292
\float@exts=\toks30
\float@box=\box54
\@float@everytoks=\toks31
\@floatcapt=\box55
)
(C:\Program Files\MiKTeX\tex/latex/base\ifthen.sty
Package: ifthen 2020/11/24 v1.1c Standard LaTeX ifthen package (DPC)
)
\@float@every@algorithm=\toks32
\c@algorithm=\count293
)
(C:\Program Files\MiKTeX\tex/latex/algorithms\algorithmic.sty
Package: algorithmic 2009/08/24 v0.1 Document Style `algorithmic'
\c@ALC@unique=\count294
\c@ALC@line=\count295
\c@ALC@rem=\count296
\c@ALC@depth=\count297
\ALC@tlm=\skip57
\algorithmicindent=\skip58
)
(C:\Program Files\MiKTeX\tex/latex/lastpage\lastpage.sty
Package: lastpage 2021/09/03 v1.2n Refers to last page's name (HMM; JPG)
)
(C:\Program Files\MiKTeX\tex/latex/setspace\setspace.sty
Package: setspace 2011/12/19 v6.7a set line spacing
)
(C:\Program Files\MiKTeX\tex/latex/adjustbox\adjustbox.sty
Package: adjustbox 2020/08/19 v1.3 Adjusting TeX boxes (trim, clip, ...)

(C:\Program Files\MiKTeX\tex/latex/xkeyval\xkeyval.sty
Package: xkeyval 2020/11/20 v2.8 package option processing (HA)

(C:\Program Files\MiKTeX\tex/generic/xkeyval\xkeyval.tex
(C:\Program Files\MiKTeX\tex/generic/xkeyval\xkvutils.tex
\XKV@toks=\toks33
\XKV@tempa@toks=\toks34
)
\XKV@depth=\count298
File: xkeyval.tex 2014/12/03 v2.7a key=value parser (HA)
))
(C:\Program Files\MiKTeX\tex/latex/adjustbox\adjcalc.sty
Package: adjcalc 2012/05/16 v1.1 Provides advanced setlength with multiple back
-ends (calc, etex, pgfmath)
)
(C:\Program Files\MiKTeX\tex/latex/adjustbox\trimclip.sty
Package: trimclip 2020/08/19 v1.2 Trim and clip general TeX material

(C:\Program Files\MiKTeX\tex/latex/collectbox\collectbox.sty
Package: collectbox 2012/05/17 v0.4b Collect macro arguments as boxes
\collectedbox=\box56
)
\tc@llx=\dimen185
\tc@lly=\dimen186
\tc@urx=\dimen187
\tc@ury=\dimen188
Package trimclip Info: Using driver 'tc-pdftex.def'.

(C:\Program Files\MiKTeX\tex/latex/adjustbox\tc-pdftex.def
File: tc-pdftex.def 2019/01/04 v2.2 Clipping driver for pdftex
))
\adjbox@Width=\dimen189
\adjbox@Height=\dimen190
\adjbox@Depth=\dimen191
\adjbox@Totalheight=\dimen192
\adjbox@pwidth=\dimen193
\adjbox@pheight=\dimen194
\adjbox@pdepth=\dimen195
\adjbox@ptotalheight=\dimen196
))
(com/mathdefs.tex)
(C:\Program Files\MiKTeX\tex/latex/l3backend\l3backend-pdftex.def
File: l3backend-pdftex.def 2022-04-20 L3 backend support: PDF output (pdfTeX)
\l__color_backend_stack_int=\count299
\l__pdf_internal_box=\box57
) (main.aux)
\openout1 = `main.aux'.

LaTeX Font Info:    Checking defaults for OML/cmm/m/it on input line 8.
LaTeX Font Info:    ... okay on input line 8.
LaTeX Font Info:    Checking defaults for OMS/cmsy/m/n on input line 8.
LaTeX Font Info:    ... okay on input line 8.
LaTeX Font Info:    Checking defaults for OT1/cmr/m/n on input line 8.
LaTeX Font Info:    ... okay on input line 8.
LaTeX Font Info:    Checking defaults for T1/cmr/m/n on input line 8.
LaTeX Font Info:    ... okay on input line 8.
LaTeX Font Info:    Checking defaults for TS1/cmr/m/n on input line 8.
LaTeX Font Info:    ... okay on input line 8.
LaTeX Font Info:    Checking defaults for OMX/cmex/m/n on input line 8.
LaTeX Font Info:    ... okay on input line 8.
LaTeX Font Info:    Checking defaults for U/cmr/m/n on input line 8.
LaTeX Font Info:    ... okay on input line 8.
LaTeX Font Info:    Checking defaults for PD1/pdf/m/n on input line 8.
LaTeX Font Info:    ... okay on input line 8.
LaTeX Font Info:    Checking defaults for PU/pdf/m/n on input line 8.
LaTeX Font Info:    ... okay on input line 8.

-- Lines per column: 56 (exact).
(C:\Program Files\MiKTeX\tex/context/base/mkii\supp-pdf.mkii
[Loading MPS to PDF converter (version 2006.09.02).]
\scratchcounter=\count300
\scratchdimen=\dimen197
\scratchbox=\box58
\nofMPsegments=\count301
\nofMParguments=\count302
\everyMPshowfont=\toks35
\MPscratchCnt=\count303
\MPscratchDim=\dimen198
\MPnumerator=\count304
\makeMPintoPDFobject=\count305
\everyMPtoPDFconversion=\toks36
) (C:\Program Files\MiKTeX\tex/latex/epstopdf-pkg\epstopdf-base.sty
Package: epstopdf-base 2020-01-24 v2.11 Base part for package epstopdf
Package epstopdf-base Info: Redefining graphics rule for `.eps' on input line 4
85.

(C:\Program Files\MiKTeX\tex/latex/00miktex\epstopdf-sys.cfg
File: epstopdf-sys.cfg 2021/03/18 v2.0 Configuration of epstopdf for MiKTeX
))
Package caption Info: Begin \AtBeginDocument code.
Package caption Info: float package is loaded.
Package caption Info: hyperref package is loaded.
Package caption Info: End \AtBeginDocument code.
Package hyperref Info: Link coloring OFF on input line 8.

(C:\Program Files\MiKTeX\tex/latex/hyperref\nameref.sty
Package: nameref 2021-04-02 v2.47 Cross-referencing by name of section

(C:\Program Files\MiKTeX\tex/latex/refcount\refcount.sty
Package: refcount 2019/12/15 v3.6 Data extraction from label references (HO)
)
(C:\Program Files\MiKTeX\tex/generic/gettitlestring\gettitlestring.sty
Package: gettitlestring 2019/12/15 v1.6 Cleanup title references (HO)
)
\c@section@level=\count306
)
LaTeX Info: Redefining \ref on input line 8.
LaTeX Info: Redefining \pageref on input line 8.
LaTeX Info: Redefining \nameref on input line 8.

(main.out) (main.out)
\@outlinefile=\write4
\openout4 = `main.out'.

Package lastpage Info: Please have a look at the pageslts package at
(lastpage)             https://www.ctan.org/pkg/pageslts
(lastpage)             ! on input line 8.
 (tex/abs.tex
Underfull \hbox (badness 10000) in paragraph at lines 1--3

 []


Underfull \hbox (badness 10000) in paragraph at lines 1--3

 []


Underfull \hbox (badness 10000) in paragraph at lines 1--3

 []


Underfull \hbox (badness 10000) in paragraph at lines 1--3

 []


Underfull \hbox (badness 10000) in paragraph at lines 1--3

 []


Underfull \hbox (badness 10000) in paragraph at lines 1--3

 []


Underfull \hbox (badness 10000) in paragraph at lines 1--3

 []


Underfull \hbox (badness 10000) in paragraph at lines 1--3

 []


Underfull \hbox (badness 10000) in paragraph at lines 1--3

 []


Underfull \hbox (badness 10000) in paragraph at lines 1--3

 []


Underfull \hbox (badness 10000) in paragraph at lines 1--3

 []


Underfull \hbox (badness 10000) in paragraph at lines 1--3

 []


Underfull \hbox (badness 10000) in paragraph at lines 1--3

 []


Underfull \hbox (badness 10000) in paragraph at lines 1--3

 []


Underfull \hbox (badness 10000) in paragraph at lines 1--3

 []


Underfull \hbox (badness 10000) in paragraph at lines 1--3

 []

) (tex/intro.tex
Underfull \vbox (badness 10000) has occurred while \output is active []

 [1{C:/Users/alimo/AppData/Local/MiKTeX/fonts/map/pdftex/pdftex.map}


]) (text/related.tex)
(text/background.tex
Package epstopdf Info: Source file: <figs/system_architecture.eps>
(epstopdf)                    date: 2022-05-23 00:45:14
(epstopdf)                    size: 265188 bytes
(epstopdf)             Output file: <figs/system_architecture-eps-converted-to.
pdf>
(epstopdf)                    date: 2022-05-23 01:07:23
(epstopdf)                    size: 98604 bytes
(epstopdf)             Command: <miktex-epstopdf --outfile=figs/system_architec
ture-eps-converted-to.pdf figs/system_architecture.eps>
(epstopdf)             \includegraphics on input line 4.
Package epstopdf Info: Output file is already uptodate.


pdfTeX warning: pdflatex.exe (file ./figs/system_architecture-eps-converted-to.
pdf): PDF inclusion: found PDF version <1.7>, but at most version <1.5> allowed

<figs/system_architecture-eps-converted-to.pdf, id=94, 424.58624pt x 193.72375p
t>
File: figs/system_architecture-eps-converted-to.pdf Graphic file (type pdf)
<use figs/system_architecture-eps-converted-to.pdf>
Package pdftex.def Info: figs/system_architecture-eps-converted-to.pdf  used on
 input line 4.
(pdftex.def)             Requested size: 438.60315pt x 200.12888pt.
[2]
LaTeX Font Info:    Trying to load font information for U+msa on input line 11.

 (C:\Program Files\MiKTeX\tex/latex/amsfonts\umsa.fd
File: umsa.fd 2013/01/14 v3.01 AMS symbols A
)
LaTeX Font Info:    Trying to load font information for U+msb on input line 11.


(C:\Program Files\MiKTeX\tex/latex/amsfonts\umsb.fd
File: umsb.fd 2013/01/14 v3.01 AMS symbols B
)) (tex/model.tex
Underfull \hbox (badness 10000) in paragraph at lines 5--6

 []

[3]
Underfull \vbox (badness 10000) has occurred while \output is active []

 [4 <./figs/system_architecture-eps-converted-to.pdf>] [5]) (tex/eval.tex
Package epstopdf Info: Source file: <figs/training_progress_awgn.eps>
(epstopdf)                    date: 2022-05-23 01:05:52
(epstopdf)                    size: 38216 bytes
(epstopdf)             Output file: <figs/training_progress_awgn-eps-converted-
to.pdf>
(epstopdf)                    date: 2022-05-23 01:28:00
(epstopdf)                    size: 19773 bytes
(epstopdf)             Command: <miktex-epstopdf --outfile=figs/training_progre
ss_awgn-eps-converted-to.pdf figs/training_progress_awgn.eps>
(epstopdf)             \includegraphics on input line 4.
Package epstopdf Info: Output file is already uptodate.


pdfTeX warning: pdflatex.exe (file ./figs/training_progress_awgn-eps-converted-
to.pdf): PDF inclusion: found PDF version <1.7>, but at most version <1.5> allo
wed
<figs/training_progress_awgn-eps-converted-to.pdf, id=161, 463.7325pt x 347.297
5pt>
File: figs/training_progress_awgn-eps-converted-to.pdf Graphic file (type pdf)
<use figs/training_progress_awgn-eps-converted-to.pdf>
Package pdftex.def Info: figs/training_progress_awgn-eps-converted-to.pdf  used
 on input line 4.
(pdftex.def)             Requested size: 123.84283pt x 92.7488pt.
Package epstopdf Info: Source file: <figs/training_progress_rayleigh.eps>
(epstopdf)                    date: 2022-05-23 00:59:54
(epstopdf)                    size: 38151 bytes
(epstopdf)             Output file: <figs/training_progress_rayleigh-eps-conver
ted-to.pdf>
(epstopdf)                    date: 2022-05-23 01:28:02
(epstopdf)                    size: 19769 bytes
(epstopdf)             Command: <miktex-epstopdf --outfile=figs/training_progre
ss_rayleigh-eps-converted-to.pdf figs/training_progress_rayleigh.eps>
(epstopdf)             \includegraphics on input line 9.
Package epstopdf Info: Output file is already uptodate.


pdfTeX warning: pdflatex.exe (file ./figs/training_progress_rayleigh-eps-conver
ted-to.pdf): PDF inclusion: found PDF version <1.7>, but at most version <1.5> 
allowed
<figs/training_progress_rayleigh-eps-converted-to.pdf, id=162, 463.7325pt x 347
.2975pt>
File: figs/training_progress_rayleigh-eps-converted-to.pdf Graphic file (type p
df)
<use figs/training_progress_rayleigh-eps-converted-to.pdf>
Package pdftex.def Info: figs/training_progress_rayleigh-eps-converted-to.pdf  
used on input line 9.
(pdftex.def)             Requested size: 123.84283pt x 92.7488pt.
Package epstopdf Info: Source file: <figs/autoencoder_bler_awgn.eps>
(epstopdf)                    date: 2022-05-23 00:53:50
(epstopdf)                    size: 38286 bytes
(epstopdf)             Output file: <figs/autoencoder_bler_awgn-eps-converted-t
o.pdf>
(epstopdf)                    date: 2022-05-23 01:27:57
(epstopdf)                    size: 19349 bytes
(epstopdf)             Command: <miktex-epstopdf --outfile=figs/autoencoder_ble
r_awgn-eps-converted-to.pdf figs/autoencoder_bler_awgn.eps>
(epstopdf)             \includegraphics on input line 21.
Package epstopdf Info: Output file is already uptodate.


pdfTeX warning: pdflatex.exe (file ./figs/autoencoder_bler_awgn-eps-converted-t
o.pdf): PDF inclusion: found PDF version <1.7>, but at most version <1.5> allow
ed
<figs/autoencoder_bler_awgn-eps-converted-to.pdf, id=167, 463.7325pt x 347.2975
pt>
File: figs/autoencoder_bler_awgn-eps-converted-to.pdf Graphic file (type pdf)
<use figs/autoencoder_bler_awgn-eps-converted-to.pdf>
Package pdftex.def Info: figs/autoencoder_bler_awgn-eps-converted-to.pdf  used 
on input line 21.
(pdftex.def)             Requested size: 180.60315pt x 135.26pt.
Package epstopdf Info: Source file: <figs/autoencoder_bler_rayleigh.eps>
(epstopdf)                    date: 2022-05-23 00:54:04
(epstopdf)                    size: 35231 bytes
(epstopdf)             Output file: <figs/autoencoder_bler_rayleigh-eps-convert
ed-to.pdf>
(epstopdf)                    date: 2022-05-23 01:27:58
(epstopdf)                    size: 18961 bytes
(epstopdf)             Command: <miktex-epstopdf --outfile=figs/autoencoder_ble
r_rayleigh-eps-converted-to.pdf figs/autoencoder_bler_rayleigh.eps>
(epstopdf)             \includegraphics on input line 25.
Package epstopdf Info: Output file is already uptodate.


pdfTeX warning: pdflatex.exe (file ./figs/autoencoder_bler_rayleigh-eps-convert
ed-to.pdf): PDF inclusion: found PDF version <1.7>, but at most version <1.5> a
llowed
<figs/autoencoder_bler_rayleigh-eps-converted-to.pdf, id=168, 463.7325pt x 347.
2975pt>
File: figs/autoencoder_bler_rayleigh-eps-converted-to.pdf Graphic file (type pd
f)
<use figs/autoencoder_bler_rayleigh-eps-converted-to.pdf>
Package pdftex.def Info: figs/autoencoder_bler_rayleigh-eps-converted-to.pdf  u
sed on input line 25.
(pdftex.def)             Requested size: 180.60315pt x 135.26pt.
Package epstopdf Info: Source file: <figs/covert_autoencoder_bler_awgn.eps>
(epstopdf)                    date: 2022-05-23 01:24:19
(epstopdf)                    size: 45240 bytes
(epstopdf)             Output file: <figs/covert_autoencoder_bler_awgn-eps-conv
erted-to.pdf>
(epstopdf)                    date: 2022-05-23 01:28:03
(epstopdf)                    size: 19662 bytes
(epstopdf)             Command: <miktex-epstopdf --outfile=figs/covert_autoenco
der_bler_awgn-eps-converted-to.pdf figs/covert_autoencoder_bler_awgn.eps>
(epstopdf)             \includegraphics on input line 33.
Package epstopdf Info: Output file is already uptodate.


pdfTeX warning: pdflatex.exe (file ./figs/covert_autoencoder_bler_awgn-eps-conv
erted-to.pdf): PDF inclusion: found PDF version <1.7>, but at most version <1.5
> allowed
<figs/covert_autoencoder_bler_awgn-eps-converted-to.pdf, id=169, 463.7325pt x 3
47.2975pt>
File: figs/covert_autoencoder_bler_awgn-eps-converted-to.pdf Graphic file (type
 pdf)
<use figs/covert_autoencoder_bler_awgn-eps-converted-to.pdf>
Package pdftex.def Info: figs/covert_autoencoder_bler_awgn-eps-converted-to.pdf
  used on input line 33.
(pdftex.def)             Requested size: 154.80157pt x 115.93335pt.
Package epstopdf Info: Source file: <figs/bob_bler_awgn.eps>
(epstopdf)                    date: 2022-05-23 01:24:19
(epstopdf)                    size: 33952 bytes
(epstopdf)             Output file: <figs/bob_bler_awgn-eps-converted-to.pdf>
(epstopdf)                    date: 2022-05-23 01:28:05
(epstopdf)                    size: 17655 bytes
(epstopdf)             Command: <miktex-epstopdf --outfile=figs/bob_bler_awgn-e
ps-converted-to.pdf figs/bob_bler_awgn.eps>
(epstopdf)             \includegraphics on input line 39.
Package epstopdf Info: Output file is already uptodate.


pdfTeX warning: pdflatex.exe (file ./figs/bob_bler_awgn-eps-converted-to.pdf): 
PDF inclusion: found PDF version <1.7>, but at most version <1.5> allowed
<figs/bob_bler_awgn-eps-converted-to.pdf, id=170, 463.7325pt x 347.2975pt>
File: figs/bob_bler_awgn-eps-converted-to.pdf Graphic file (type pdf)
<use figs/bob_bler_awgn-eps-converted-to.pdf>
Package pdftex.def Info: figs/bob_bler_awgn-eps-converted-to.pdf  used on input
 line 39.
(pdftex.def)             Requested size: 154.80157pt x 115.93335pt.
Package epstopdf Info: Source file: <figs/willie_accuracy_awgn.eps>
(epstopdf)                    date: 2022-05-23 01:24:19
(epstopdf)                    size: 40919 bytes
(epstopdf)             Output file: <figs/willie_accuracy_awgn-eps-converted-to
.pdf>
(epstopdf)                    date: 2022-05-23 01:28:07
(epstopdf)                    size: 19987 bytes
(epstopdf)             Command: <miktex-epstopdf --outfile=figs/willie_accuracy
_awgn-eps-converted-to.pdf figs/willie_accuracy_awgn.eps>
(epstopdf)             \includegraphics on input line 45.
Package epstopdf Info: Output file is already uptodate.


pdfTeX warning: pdflatex.exe (file ./figs/willie_accuracy_awgn-eps-converted-to
.pdf): PDF inclusion: found PDF version <1.7>, but at most version <1.5> allowe
d
<figs/willie_accuracy_awgn-eps-converted-to.pdf, id=171, 463.7325pt x 347.2975p
t>
File: figs/willie_accuracy_awgn-eps-converted-to.pdf Graphic file (type pdf)
<use figs/willie_accuracy_awgn-eps-converted-to.pdf>
Package pdftex.def Info: figs/willie_accuracy_awgn-eps-converted-to.pdf  used o
n input line 45.
(pdftex.def)             Requested size: 154.80157pt x 115.93335pt.
Package epstopdf Info: Source file: <figs/covert_autoencoder_bler_rayleigh.eps>

(epstopdf)                    date: 2022-05-23 01:31:40
(epstopdf)                    size: 41585 bytes
(epstopdf)             Output file: <figs/covert_autoencoder_bler_rayleigh-eps-
converted-to.pdf>
(epstopdf)                    date: 2022-05-23 01:32:36
(epstopdf)                    size: 19477 bytes
(epstopdf)             Command: <miktex-epstopdf --outfile=figs/covert_autoenco
der_bler_rayleigh-eps-converted-to.pdf figs/covert_autoencoder_bler_rayleigh.ep
s>
(epstopdf)             \includegraphics on input line 54.
Package epstopdf Info: Output file is already uptodate.


pdfTeX warning: pdflatex.exe (file ./figs/covert_autoencoder_bler_rayleigh-eps-
converted-to.pdf): PDF inclusion: found PDF version <1.7>, but at most version 
<1.5> allowed
<figs/covert_autoencoder_bler_rayleigh-eps-converted-to.pdf, id=172, 463.7325pt
 x 347.2975pt>
File: figs/covert_autoencoder_bler_rayleigh-eps-converted-to.pdf Graphic file (
type pdf)
<use figs/covert_autoencoder_bler_rayleigh-eps-converted-to.pdf>
Package pdftex.def Info: figs/covert_autoencoder_bler_rayleigh-eps-converted-to
.pdf  used on input line 54.
(pdftex.def)             Requested size: 154.80157pt x 115.93335pt.
Package epstopdf Info: Source file: <figs/bob_bler_rayleigh.eps>
(epstopdf)                    date: 2022-05-23 01:31:40
(epstopdf)                    size: 35285 bytes
(epstopdf)             Output file: <figs/bob_bler_rayleigh-eps-converted-to.pd
f>
(epstopdf)                    date: 2022-05-23 01:32:38
(epstopdf)                    size: 17756 bytes
(epstopdf)             Command: <miktex-epstopdf --outfile=figs/bob_bler_raylei
gh-eps-converted-to.pdf figs/bob_bler_rayleigh.eps>
(epstopdf)             \includegraphics on input line 60.
Package epstopdf Info: Output file is already uptodate.


pdfTeX warning: pdflatex.exe (file ./figs/bob_bler_rayleigh-eps-converted-to.pd
f): PDF inclusion: found PDF version <1.7>, but at most version <1.5> allowed
<figs/bob_bler_rayleigh-eps-converted-to.pdf, id=173, 463.7325pt x 347.2975pt>
File: figs/bob_bler_rayleigh-eps-converted-to.pdf Graphic file (type pdf)
<use figs/bob_bler_rayleigh-eps-converted-to.pdf>
Package pdftex.def Info: figs/bob_bler_rayleigh-eps-converted-to.pdf  used on i
nput line 60.
(pdftex.def)             Requested size: 154.80157pt x 115.93335pt.
Package epstopdf Info: Source file: <figs/willie_accuracy_rayleigh.eps>
(epstopdf)                    date: 2022-05-23 01:31:40
(epstopdf)                    size: 40071 bytes
(epstopdf)             Output file: <figs/willie_accuracy_rayleigh-eps-converte
d-to.pdf>
(epstopdf)                    date: 2022-05-23 01:32:40
(epstopdf)                    size: 19176 bytes
(epstopdf)             Command: <miktex-epstopdf --outfile=figs/willie_accuracy
_rayleigh-eps-converted-to.pdf figs/willie_accuracy_rayleigh.eps>
(epstopdf)             \includegraphics on input line 66.
Package epstopdf Info: Output file is already uptodate.


pdfTeX warning: pdflatex.exe (file ./figs/willie_accuracy_rayleigh-eps-converte
d-to.pdf): PDF inclusion: found PDF version <1.7>, but at most version <1.5> al
lowed
<figs/willie_accuracy_rayleigh-eps-converted-to.pdf, id=174, 463.7325pt x 347.2
975pt>
File: figs/willie_accuracy_rayleigh-eps-converted-to.pdf Graphic file (type pdf
)
<use figs/willie_accuracy_rayleigh-eps-converted-to.pdf>
Package pdftex.def Info: figs/willie_accuracy_rayleigh-eps-converted-to.pdf  us
ed on input line 66.
(pdftex.def)             Requested size: 154.80157pt x 115.93335pt.
Package epstopdf Info: Source file: <figs/awgn_normal_constellation.eps>
(epstopdf)                    date: 2022-05-23 01:43:29
(epstopdf)                    size: 1326955 bytes
(epstopdf)             Output file: <figs/awgn_normal_constellation-eps-convert
ed-to.pdf>
(epstopdf)                    date: 2022-05-23 18:41:46
(epstopdf)                    size: 126632 bytes
(epstopdf)             Command: <miktex-epstopdf --outfile=figs/awgn_normal_con
stellation-eps-converted-to.pdf figs/awgn_normal_constellation.eps>
(epstopdf)             \includegraphics on input line 78.
Package epstopdf Info: Output file is already uptodate.


pdfTeX warning: pdflatex.exe (file ./figs/awgn_normal_constellation-eps-convert
ed-to.pdf): PDF inclusion: found PDF version <1.7>, but at most version <1.5> a
llowed
<figs/awgn_normal_constellation-eps-converted-to.pdf, id=186, 433.62pt x 433.62
pt>
File: figs/awgn_normal_constellation-eps-converted-to.pdf Graphic file (type pd
f)
<use figs/awgn_normal_constellation-eps-converted-to.pdf>
Package pdftex.def Info: figs/awgn_normal_constellation-eps-converted-to.pdf  u
sed on input line 78.
(pdftex.def)             Requested size: 123.84283pt x 123.84102pt.
Package epstopdf Info: Source file: <figs/awgn_covert_constellation.eps>
(epstopdf)                    date: 2022-05-23 01:43:10
(epstopdf)                    size: 1326898 bytes
(epstopdf)             Output file: <figs/awgn_covert_constellation-eps-convert
ed-to.pdf>
(epstopdf)                    date: 2022-05-23 18:41:58
(epstopdf)                    size: 126908 bytes
(epstopdf)             Command: <miktex-epstopdf --outfile=figs/awgn_covert_con
stellation-eps-converted-to.pdf figs/awgn_covert_constellation.eps>
(epstopdf)             \includegraphics on input line 83.
Package epstopdf Info: Output file is already uptodate.


pdfTeX warning: pdflatex.exe (file ./figs/awgn_covert_constellation-eps-convert
ed-to.pdf): PDF inclusion: found PDF version <1.7>, but at most version <1.5> a
llowed
<figs/awgn_covert_constellation-eps-converted-to.pdf, id=187, 433.62pt x 433.62
pt>
File: figs/awgn_covert_constellation-eps-converted-to.pdf Graphic file (type pd
f)
<use figs/awgn_covert_constellation-eps-converted-to.pdf>
Package pdftex.def Info: figs/awgn_covert_constellation-eps-converted-to.pdf  u
sed on input line 83.
(pdftex.def)             Requested size: 123.84283pt x 123.84102pt.
Package epstopdf Info: Source file: <figs/rayleigh_normal_constellation.eps>
(epstopdf)                    date: 2022-05-23 18:35:10
(epstopdf)                    size: 1325920 bytes
(epstopdf)             Output file: <figs/rayleigh_normal_constellation-eps-con
verted-to.pdf>
(epstopdf)                    date: 2022-05-23 18:53:00
(epstopdf)                    size: 126499 bytes
(epstopdf)             Command: <miktex-epstopdf --outfile=figs/rayleigh_normal
_constellation-eps-converted-to.pdf figs/rayleigh_normal_constellation.eps>
(epstopdf)             \includegraphics on input line 91.
Package epstopdf Info: Output file is already uptodate.


pdfTeX warning: pdflatex.exe (file ./figs/rayleigh_normal_constellation-eps-con
verted-to.pdf): PDF inclusion: found PDF version <1.7>, but at most version <1.
5> allowed
<figs/rayleigh_normal_constellation-eps-converted-to.pdf, id=188, 433.62pt x 43
3.62pt>
File: figs/rayleigh_normal_constellation-eps-converted-to.pdf Graphic file (typ
e pdf)
<use figs/rayleigh_normal_constellation-eps-converted-to.pdf>
Package pdftex.def Info: figs/rayleigh_normal_constellation-eps-converted-to.pd
f  used on input line 91.
(pdftex.def)             Requested size: 123.84283pt x 123.84102pt.
Package epstopdf Info: Source file: <figs/rayleigh_covert_constellation.eps>
(epstopdf)                    date: 2022-05-23 18:34:50
(epstopdf)                    size: 1325911 bytes
(epstopdf)             Output file: <figs/rayleigh_covert_constellation-eps-con
verted-to.pdf>
(epstopdf)                    date: 2022-05-23 18:53:09
(epstopdf)                    size: 126591 bytes
(epstopdf)             Command: <miktex-epstopdf --outfile=figs/rayleigh_covert
_constellation-eps-converted-to.pdf figs/rayleigh_covert_constellation.eps>
(epstopdf)             \includegraphics on input line 96.
Package epstopdf Info: Output file is already uptodate.


pdfTeX warning: pdflatex.exe (file ./figs/rayleigh_covert_constellation-eps-con
verted-to.pdf): PDF inclusion: found PDF version <1.7>, but at most version <1.
5> allowed
<figs/rayleigh_covert_constellation-eps-converted-to.pdf, id=189, 433.62pt x 43
3.62pt>
File: figs/rayleigh_covert_constellation-eps-converted-to.pdf Graphic file (typ
e pdf)
<use figs/rayleigh_covert_constellation-eps-converted-to.pdf>
Package pdftex.def Info: figs/rayleigh_covert_constellation-eps-converted-to.pd
f  used on input line 96.
(pdftex.def)             Requested size: 123.84283pt x 123.84102pt.
) (tex/conc.tex
Underfull \vbox (badness 5475) has occurred while \output is active []

 [6 <./figs/training_progress_awgn-eps-converted-to.pdf> <./figs/training_progr
ess_rayleigh-eps-converted-to.pdf> <./figs/autoencoder_bler_awgn-eps-converted-
to.pdf> <./figs/autoencoder_bler_rayleigh-eps-converted-to.pdf>]
Underfull \vbox (badness 10000) has occurred while \output is active []


Underfull \vbox (badness 10000) has occurred while \output is active []

 [7 <./figs/covert_autoencoder_bler_awgn-eps-converted-to.pdf> <./figs/bob_bler
_awgn-eps-converted-to.pdf> <./figs/willie_accuracy_awgn-eps-converted-to.pdf> 
<./figs/covert_autoencoder_bler_rayleigh-eps-converted-to.pdf> <./figs/bob_bler
_rayleigh-eps-converted-to.pdf> <./figs/willie_accuracy_rayleigh-eps-converted-
to.pdf>])
(main.bbl [8 <./figs/awgn_normal_constellation-eps-converted-to.pdf> <./figs/aw
gn_covert_constellation-eps-converted-to.pdf> <./figs/rayleigh_normal_constella
tion-eps-converted-to.pdf> <./figs/rayleigh_covert_constellation-eps-converted-
to.pdf>])

** Conference Paper **
Before submitting the final camera ready copy, remember to:

 1. Manually equalize the lengths of two columns on the last page
 of your paper;

 2. Ensure that any PostScript and/or PDF output post-processing
 uses only Type 1 fonts and that every step in the generation
 process uses the appropriate paper size.


AED: lastpage setting LastPage
[9

] (main.aux)
Package rerunfilecheck Info: File `main.out' has not changed.
(rerunfilecheck)             Checksum: EDCBD33DE282872498930B662FD2BB8E;2089.
 ) 
Here is how much of TeX's memory you used:
 14447 strings out of 478619
 248264 string characters out of 2853060
 547042 words of memory out of 3000000
 32275 multiletter control sequences out of 15000+600000
 504724 words of font info for 88 fonts, out of 8000000 for 9000
 1141 hyphenation exceptions out of 8191
 65i,12n,66p,4127b,583s stack positions out of 10000i,1000n,20000p,200000b,80000s
{C:/Program Files/MiKTeX/fonts/enc/dvips/base/8r.enc}<C:/Program Files/MiKTeX
/fonts/type1/public/amsfonts/cm/cmmi10.pfb><C:/Program Files/MiKTeX/fonts/type1
/public/amsfonts/cm/cmmi7.pfb><C:/Program Files/MiKTeX/fonts/type1/public/amsfo
nts/cm/cmr10.pfb><C:/Program Files/MiKTeX/fonts/type1/public/amsfonts/cm/cmr7.p
fb><C:/Program Files/MiKTeX/fonts/type1/public/amsfonts/cm/cmsy10.pfb><C:/Progr
am Files/MiKTeX/fonts/type1/public/amsfonts/cm/cmsy7.pfb><C:/Program Files/MiKT
eX/fonts/type1/public/amsfonts/symbols/msbm10.pfb><C:/Program Files/MiKTeX/font
s/type1/urw/times/utmb8a.pfb><C:/Program Files/MiKTeX/fonts/type1/urw/times/utm
bi8a.pfb><C:/Program Files/MiKTeX/fonts/type1/urw/times/utmr8a.pfb><C:/Program 
Files/MiKTeX/fonts/type1/urw/times/utmri8a.pfb>
Output written on main.pdf (9 pages, 969510 bytes).
PDF statistics:
 766 PDF objects out of 1000 (max. 8388607)
 68 named destinations out of 1000 (max. 500000)
 180 words of extra memory for PDF output out of 10000 (max. 10000000)

